<?xml version="1.0" encoding="UTF-8"?>
<testng-results ignored="0" total="4" passed="4" failed="0" skipped="0">
  <reporter-output>
  </reporter-output>
  <suite started-at="2025-10-15T10:54:42 IST" name="Default suite" finished-at="2025-10-15T10:54:42 IST" duration-ms="130">
    <groups>
    </groups>
    <test started-at="2025-10-15T10:54:42 IST" name="Default test" finished-at="2025-10-15T10:54:42 IST" duration-ms="130">
      <class name="pac1.TC0010_Priority">
        <test-method signature="zohotest()[pri:1, instance:pac1.TC0010_Priority@f6efaab]" started-at="2025-10-15T10:54:42 IST" name="zohotest" finished-at="2025-10-15T10:54:42 IST" duration-ms="19" status="PASS">
          <reporter-output>
          </reporter-output>
        </test-method> <!-- zohotest -->
        <test-method signature="amazontest()[pri:2, instance:pac1.TC0010_Priority@f6efaab]" started-at="2025-10-15T10:54:42 IST" name="amazontest" finished-at="2025-10-15T10:54:42 IST" duration-ms="3" status="PASS">
          <reporter-output>
          </reporter-output>
        </test-method> <!-- amazontest -->
        <test-method signature="yahootest1()[pri:3, instance:pac1.TC0010_Priority@f6efaab]" started-at="2025-10-15T10:54:42 IST" name="yahootest1" finished-at="2025-10-15T10:54:42 IST" duration-ms="6" status="PASS">
          <reporter-output>
          </reporter-output>
        </test-method> <!-- yahootest1 -->
        <test-method signature="aaaa()[pri:4, instance:pac1.TC0010_Priority@f6efaab]" started-at="2025-10-15T10:54:42 IST" name="aaaa" finished-at="2025-10-15T10:54:42 IST" duration-ms="3" status="PASS">
          <reporter-output>
          </reporter-output>
        </test-method> <!-- aaaa -->
      </class> <!-- pac1.TC0010_Priority -->
    </test> <!-- Default test -->
  </suite> <!-- Default suite -->
</testng-results>
