<?xml version="1.0" encoding="UTF-8"?>
<!-- Generated by org.testng.reporters.JUnitXMLReporter -->
<testsuite ignored="0" hostname="ASCINLAP61421" failures="0" tests="3" name="FirefoxTest" time="14.69" errors="0" timestamp="2025-10-15T10:49:01 IST">
  <testcase classname="pac1.Tc008_TestNG" name="f" time="0.0">
    <skipped/>
  </testcase> <!-- f -->
  <testcase classname="pac1.Tc008_TestNG" name="f" time="0.0">
    <skipped/>
  </testcase> <!-- f -->
  <testcase classname="pac1.Tc008_TestNG" name="test2" time="0.0">
    <skipped/>
  </testcase> <!-- test2 -->
</testsuite> <!-- FirefoxTest -->
