<?xml version="1.0" encoding="UTF-8"?>
<!-- Generated by org.testng.reporters.JUnitXMLReporter -->
<testsuite ignored="0" hostname="ASCINLAP61421" failures="0" tests="4" name="Default test" time="0.13" errors="0" timestamp="2025-10-15T10:54:42 IST">
  <testcase classname="pac1.TC0010_Priority" name="zohotest" time="0.019"/>
  <testcase classname="pac1.TC0010_Priority" name="amazontest" time="0.003"/>
  <testcase classname="pac1.TC0010_Priority" name="yahootest1" time="0.006"/>
  <testcase classname="pac1.TC0010_Priority" name="aaaa" time="0.003"/>
</testsuite> <!-- Default test -->
